2025-05-25 00:19:09,335 - __main__ - INFO - Starting health monitoring service...
2025-05-25 00:19:09,336 - __main__ - INFO - Running health checks...
2025-05-25 00:19:09,403 - __main__ - INFO - ✅ webapp is healthy (Response time: 66.39ms)
2025-05-25 00:19:09,418 - __main__ - INFO - ✅ webapp_metrics is healthy (Response time: 13.14ms)
2025-05-25 00:19:09,419 - __main__ - ERROR - ❌ Failed to check webapp_metrics: Expecting value: line 2 column 1 (char 1)
2025-05-25 00:19:19,433 - __main__ - INFO - Running health checks...
2025-05-25 00:19:19,458 - __main__ - INFO - ✅ webapp is healthy (Response time: 22.55ms)
2025-05-25 00:19:19,469 - __main__ - INFO - ✅ webapp_metrics is healthy (Response time: 9.23ms)
2025-05-25 00:19:19,470 - __main__ - ERROR - ❌ Failed to check webapp_metrics: Expecting value: line 2 column 1 (char 1)
2025-05-25 00:19:30,437 - __main__ - INFO - Running health checks...
2025-05-25 00:19:30,447 - __main__ - INFO - ✅ webapp is healthy (Response time: 9.49ms)
2025-05-25 00:19:30,455 - __main__ - INFO - ✅ webapp_metrics is healthy (Response time: 7.80ms)
2025-05-25 00:19:30,456 - __main__ - ERROR - ❌ Failed to check webapp_metrics: Expecting value: line 2 column 1 (char 1)
2025-05-25 00:19:40,468 - __main__ - INFO - Running health checks...
2025-05-25 00:19:40,480 - __main__ - INFO - ✅ webapp is healthy (Response time: 11.30ms)
2025-05-25 00:19:40,492 - __main__ - INFO - ✅ webapp_metrics is healthy (Response time: 11.52ms)
2025-05-25 00:19:40,493 - __main__ - ERROR - ❌ Failed to check webapp_metrics: Expecting value: line 2 column 1 (char 1)
2025-05-25 00:19:50,520 - __main__ - INFO - Running health checks...
2025-05-25 00:19:50,534 - __main__ - INFO - ✅ webapp is healthy (Response time: 13.45ms)
2025-05-25 00:19:50,550 - __main__ - INFO - ✅ webapp_metrics is healthy (Response time: 14.46ms)
2025-05-25 00:19:50,551 - __main__ - ERROR - ❌ Failed to check webapp_metrics: Expecting value: line 2 column 1 (char 1)
2025-05-25 00:20:01,520 - __main__ - INFO - Running health checks...
2025-05-25 00:20:01,540 - __main__ - INFO - ✅ webapp is healthy (Response time: 19.37ms)
2025-05-25 00:20:01,554 - __main__ - INFO - ✅ webapp_metrics is healthy (Response time: 12.10ms)
2025-05-25 00:20:01,554 - __main__ - ERROR - ❌ Failed to check webapp_metrics: Expecting value: line 2 column 1 (char 1)
2025-05-25 00:20:10,569 - metrics_collector - INFO - System metrics: CPU: 0.4%, Memory: 29.0%, Disk: 0.9%
2025-05-25 00:20:11,571 - __main__ - INFO - Running health checks...
2025-05-25 00:20:11,583 - __main__ - INFO - ✅ webapp is healthy (Response time: 11.49ms)
2025-05-25 00:20:11,595 - __main__ - INFO - ✅ webapp_metrics is healthy (Response time: 11.30ms)
2025-05-25 00:20:11,596 - __main__ - ERROR - ❌ Failed to check webapp_metrics: Expecting value: line 2 column 1 (char 1)
2025-05-25 00:20:21,623 - __main__ - INFO - Running health checks...
2025-05-25 00:20:21,644 - __main__ - INFO - ✅ webapp is healthy (Response time: 19.41ms)
2025-05-25 00:20:21,659 - __main__ - INFO - ✅ webapp_metrics is healthy (Response time: 13.48ms)
2025-05-25 00:20:21,661 - __main__ - ERROR - ❌ Failed to check webapp_metrics: Expecting value: line 2 column 1 (char 1)
2025-05-25 00:20:32,634 - __main__ - INFO - Running health checks...
2025-05-25 00:20:32,647 - __main__ - INFO - ✅ webapp is healthy (Response time: 11.93ms)
2025-05-25 00:20:32,658 - __main__ - INFO - ✅ webapp_metrics is healthy (Response time: 10.10ms)
2025-05-25 00:20:32,659 - __main__ - ERROR - ❌ Failed to check webapp_metrics: Expecting value: line 2 column 1 (char 1)
2025-05-25 00:20:42,673 - __main__ - INFO - Running health checks...
2025-05-25 00:20:42,683 - __main__ - INFO - ✅ webapp is healthy (Response time: 9.78ms)
2025-05-25 00:20:42,692 - __main__ - INFO - ✅ webapp_metrics is healthy (Response time: 8.00ms)
2025-05-25 00:20:42,693 - __main__ - ERROR - ❌ Failed to check webapp_metrics: Expecting value: line 2 column 1 (char 1)
2025-05-25 00:20:52,716 - __main__ - INFO - Running health checks...
2025-05-25 00:20:52,725 - __main__ - INFO - ✅ webapp is healthy (Response time: 8.96ms)
2025-05-25 00:20:52,734 - __main__ - INFO - ✅ webapp_metrics is healthy (Response time: 7.71ms)
2025-05-25 00:20:52,734 - __main__ - ERROR - ❌ Failed to check webapp_metrics: Expecting value: line 2 column 1 (char 1)
2025-05-25 00:21:03,710 - __main__ - INFO - Running health checks...
2025-05-25 00:21:03,722 - __main__ - INFO - ✅ webapp is healthy (Response time: 11.17ms)
2025-05-25 00:21:03,733 - __main__ - INFO - ✅ webapp_metrics is healthy (Response time: 10.23ms)
2025-05-25 00:21:03,734 - __main__ - ERROR - ❌ Failed to check webapp_metrics: Expecting value: line 2 column 1 (char 1)
2025-05-25 00:21:11,749 - metrics_collector - INFO - System metrics: CPU: 2.7%, Memory: 28.8%, Disk: 0.9%
2025-05-25 00:21:13,755 - __main__ - INFO - Running health checks...
2025-05-25 00:21:13,765 - __main__ - INFO - ✅ webapp is healthy (Response time: 9.32ms)
2025-05-25 00:21:13,775 - __main__ - INFO - ✅ webapp_metrics is healthy (Response time: 8.12ms)
2025-05-25 00:21:13,775 - __main__ - ERROR - ❌ Failed to check webapp_metrics: Expecting value: line 2 column 1 (char 1)
2025-05-25 00:21:23,796 - __main__ - INFO - Running health checks...
2025-05-25 00:21:23,809 - __main__ - INFO - ✅ webapp is healthy (Response time: 11.98ms)
2025-05-25 00:21:23,821 - __main__ - INFO - ✅ webapp_metrics is healthy (Response time: 11.39ms)
2025-05-25 00:21:23,822 - __main__ - ERROR - ❌ Failed to check webapp_metrics: Expecting value: line 2 column 1 (char 1)
2025-05-25 00:21:34,791 - __main__ - INFO - Running health checks...
2025-05-25 00:21:34,809 - __main__ - INFO - ✅ webapp is healthy (Response time: 16.81ms)
2025-05-25 00:21:34,821 - __main__ - INFO - ✅ webapp_metrics is healthy (Response time: 11.22ms)
2025-05-25 00:21:34,822 - __main__ - ERROR - ❌ Failed to check webapp_metrics: Expecting value: line 2 column 1 (char 1)
2025-05-25 00:21:44,843 - __main__ - INFO - Running health checks...
2025-05-25 00:21:44,864 - __main__ - INFO - ✅ webapp is healthy (Response time: 19.35ms)
2025-05-25 00:21:44,879 - __main__ - INFO - ✅ webapp_metrics is healthy (Response time: 13.40ms)
2025-05-25 00:21:44,880 - __main__ - ERROR - ❌ Failed to check webapp_metrics: Expecting value: line 2 column 1 (char 1)
2025-05-25 00:21:54,904 - __main__ - INFO - Running health checks...
2025-05-25 00:21:54,925 - __main__ - INFO - ✅ webapp is healthy (Response time: 18.22ms)
2025-05-25 00:21:54,937 - __main__ - INFO - ✅ webapp_metrics is healthy (Response time: 11.52ms)
2025-05-25 00:21:54,939 - __main__ - ERROR - ❌ Failed to check webapp_metrics: Expecting value: line 2 column 1 (char 1)
2025-05-25 00:22:05,925 - __main__ - INFO - Running health checks...
2025-05-25 00:22:05,935 - __main__ - INFO - ✅ webapp is healthy (Response time: 9.33ms)
2025-05-25 00:22:05,943 - __main__ - INFO - ✅ webapp_metrics is healthy (Response time: 7.71ms)
2025-05-25 00:22:05,944 - __main__ - ERROR - ❌ Failed to check webapp_metrics: Expecting value: line 2 column 1 (char 1)
2025-05-25 00:22:12,958 - metrics_collector - INFO - System metrics: CPU: 1.6%, Memory: 29.1%, Disk: 0.9%
2025-05-25 00:22:15,964 - __main__ - INFO - Running health checks...
2025-05-25 00:22:15,980 - __main__ - INFO - ✅ webapp is healthy (Response time: 14.86ms)
2025-05-25 00:22:15,990 - __main__ - INFO - ✅ webapp_metrics is healthy (Response time: 9.35ms)
2025-05-25 00:22:15,991 - __main__ - ERROR - ❌ Failed to check webapp_metrics: Expecting value: line 2 column 1 (char 1)
2025-05-25 00:22:26,011 - __main__ - INFO - Running health checks...
2025-05-25 00:22:26,027 - __main__ - INFO - ✅ webapp is healthy (Response time: 15.39ms)
2025-05-25 00:22:26,038 - __main__ - INFO - ✅ webapp_metrics is healthy (Response time: 9.17ms)
2025-05-25 00:22:26,038 - __main__ - ERROR - ❌ Failed to check webapp_metrics: Expecting value: line 2 column 1 (char 1)
2025-05-25 00:22:36,792 - __main__ - INFO - Running health checks...
2025-05-25 00:22:36,807 - __main__ - INFO - ✅ webapp is healthy (Response time: 14.37ms)
2025-05-25 00:22:36,820 - __main__ - INFO - ✅ webapp_metrics is healthy (Response time: 10.87ms)
2025-05-25 00:22:36,821 - __main__ - ERROR - ❌ Failed to check webapp_metrics: Expecting value: line 2 column 1 (char 1)
2025-05-25 00:22:46,845 - __main__ - INFO - Running health checks...
2025-05-25 00:22:46,859 - __main__ - INFO - ✅ webapp is healthy (Response time: 12.79ms)
2025-05-25 00:22:46,868 - __main__ - INFO - ✅ webapp_metrics is healthy (Response time: 8.45ms)
2025-05-25 00:22:46,869 - __main__ - ERROR - ❌ Failed to check webapp_metrics: Expecting value: line 2 column 1 (char 1)
2025-05-25 00:22:56,875 - __main__ - INFO - Running health checks...
2025-05-25 00:22:56,890 - __main__ - INFO - ✅ webapp is healthy (Response time: 13.23ms)
2025-05-25 00:22:56,900 - __main__ - INFO - ✅ webapp_metrics is healthy (Response time: 9.63ms)
2025-05-25 00:22:56,901 - __main__ - ERROR - ❌ Failed to check webapp_metrics: Expecting value: line 2 column 1 (char 1)
2025-05-25 00:23:06,913 - __main__ - INFO - Running health checks...
2025-05-25 00:23:06,926 - __main__ - INFO - ✅ webapp is healthy (Response time: 11.65ms)
2025-05-25 00:23:06,935 - __main__ - INFO - ✅ webapp_metrics is healthy (Response time: 8.73ms)
2025-05-25 00:23:06,936 - __main__ - ERROR - ❌ Failed to check webapp_metrics: Expecting value: line 2 column 1 (char 1)
2025-05-25 00:23:14,956 - metrics_collector - INFO - System metrics: CPU: 1.9%, Memory: 29.0%, Disk: 0.9%
2025-05-25 00:23:16,969 - __main__ - INFO - Running health checks...
2025-05-25 00:23:16,982 - __main__ - INFO - ✅ webapp is healthy (Response time: 12.84ms)
2025-05-25 00:23:16,995 - __main__ - INFO - ✅ webapp_metrics is healthy (Response time: 11.22ms)
2025-05-25 00:23:16,996 - __main__ - ERROR - ❌ Failed to check webapp_metrics: Expecting value: line 2 column 1 (char 1)
2025-05-25 00:23:27,001 - __main__ - INFO - Running health checks...
2025-05-25 00:23:27,016 - __main__ - INFO - ✅ webapp is healthy (Response time: 13.48ms)
2025-05-25 00:23:27,027 - __main__ - INFO - ✅ webapp_metrics is healthy (Response time: 10.18ms)
2025-05-25 00:23:27,027 - __main__ - ERROR - ❌ Failed to check webapp_metrics: Expecting value: line 2 column 1 (char 1)
2025-05-25 00:23:37,039 - __main__ - INFO - Running health checks...
2025-05-25 00:23:37,053 - __main__ - INFO - ✅ webapp is healthy (Response time: 13.12ms)
2025-05-25 00:23:37,066 - __main__ - INFO - ✅ webapp_metrics is healthy (Response time: 11.37ms)
2025-05-25 00:23:37,067 - __main__ - ERROR - ❌ Failed to check webapp_metrics: Expecting value: line 2 column 1 (char 1)
2025-05-25 00:23:47,090 - __main__ - INFO - Running health checks...
2025-05-25 00:23:47,110 - __main__ - INFO - ✅ webapp is healthy (Response time: 18.90ms)
2025-05-25 00:23:47,124 - __main__ - INFO - ✅ webapp_metrics is healthy (Response time: 12.71ms)
2025-05-25 00:23:47,125 - __main__ - ERROR - ❌ Failed to check webapp_metrics: Expecting value: line 2 column 1 (char 1)
2025-05-25 00:23:58,121 - __main__ - INFO - Running health checks...
2025-05-25 00:23:58,133 - __main__ - INFO - ✅ webapp is healthy (Response time: 11.64ms)
2025-05-25 00:23:58,143 - __main__ - INFO - ✅ webapp_metrics is healthy (Response time: 8.91ms)
2025-05-25 00:23:58,144 - __main__ - ERROR - ❌ Failed to check webapp_metrics: Expecting value: line 2 column 1 (char 1)
2025-05-25 00:24:08,156 - __main__ - INFO - Running health checks...
2025-05-25 00:24:08,171 - __main__ - INFO - ✅ webapp is healthy (Response time: 14.73ms)
2025-05-25 00:24:08,186 - __main__ - INFO - ✅ webapp_metrics is healthy (Response time: 12.97ms)
2025-05-25 00:24:08,187 - __main__ - ERROR - ❌ Failed to check webapp_metrics: Expecting value: line 2 column 1 (char 1)
2025-05-25 00:24:16,207 - metrics_collector - INFO - System metrics: CPU: 1.1%, Memory: 29.1%, Disk: 0.9%
2025-05-25 00:24:18,220 - __main__ - INFO - Running health checks...
2025-05-25 00:24:18,230 - __main__ - INFO - ✅ webapp is healthy (Response time: 9.13ms)
2025-05-25 00:24:18,239 - __main__ - INFO - ✅ webapp_metrics is healthy (Response time: 8.47ms)
2025-05-25 00:24:18,240 - __main__ - ERROR - ❌ Failed to check webapp_metrics: Expecting value: line 2 column 1 (char 1)
2025-05-25 00:24:29,233 - __main__ - INFO - Running health checks...
2025-05-25 00:24:29,243 - __main__ - INFO - ✅ webapp is healthy (Response time: 9.85ms)
2025-05-25 00:24:29,253 - __main__ - INFO - ✅ webapp_metrics is healthy (Response time: 8.53ms)
2025-05-25 00:24:29,253 - __main__ - ERROR - ❌ Failed to check webapp_metrics: Expecting value: line 2 column 1 (char 1)
2025-05-25 00:24:39,272 - __main__ - INFO - Running health checks...
2025-05-25 00:24:39,286 - __main__ - INFO - ✅ webapp is healthy (Response time: 13.78ms)
2025-05-25 00:24:39,299 - __main__ - INFO - ✅ webapp_metrics is healthy (Response time: 12.08ms)
2025-05-25 00:24:39,300 - __main__ - ERROR - ❌ Failed to check webapp_metrics: Expecting value: line 2 column 1 (char 1)
2025-05-25 00:24:49,325 - __main__ - INFO - Running health checks...
2025-05-25 00:24:49,337 - __main__ - INFO - ✅ webapp is healthy (Response time: 11.04ms)
2025-05-25 00:24:49,347 - __main__ - INFO - ✅ webapp_metrics is healthy (Response time: 8.99ms)
2025-05-25 00:24:49,347 - __main__ - ERROR - ❌ Failed to check webapp_metrics: Expecting value: line 2 column 1 (char 1)
2025-05-25 00:25:00,316 - __main__ - INFO - Running health checks...
2025-05-25 00:25:00,327 - __main__ - INFO - ✅ webapp is healthy (Response time: 10.18ms)
2025-05-25 00:25:00,339 - __main__ - INFO - ✅ webapp_metrics is healthy (Response time: 10.19ms)
2025-05-25 00:25:00,339 - __main__ - ERROR - ❌ Failed to check webapp_metrics: Expecting value: line 2 column 1 (char 1)
2025-05-25 00:25:10,353 - __main__ - INFO - Running health checks...
2025-05-25 00:25:10,365 - __main__ - INFO - ✅ webapp is healthy (Response time: 12.14ms)
2025-05-25 00:25:10,376 - __main__ - INFO - ✅ webapp_metrics is healthy (Response time: 9.84ms)
2025-05-25 00:25:10,377 - __main__ - ERROR - ❌ Failed to check webapp_metrics: Expecting value: line 2 column 1 (char 1)
2025-05-25 00:25:17,406 - metrics_collector - INFO - System metrics: CPU: 1.2%, Memory: 29.6%, Disk: 0.9%
2025-05-25 00:25:20,423 - __main__ - INFO - Running health checks...
2025-05-25 00:25:20,564 - __main__ - INFO - ✅ webapp is healthy (Response time: 138.08ms)
2025-05-25 00:25:20,594 - __main__ - INFO - ✅ webapp_metrics is healthy (Response time: 27.30ms)
2025-05-25 00:25:20,595 - __main__ - ERROR - ❌ Failed to check webapp_metrics: Expecting value: line 2 column 1 (char 1)
2025-05-25 00:38:10,723 - __main__ - INFO - Running health checks...
2025-05-25 00:38:10,890 - __main__ - INFO - ✅ webapp is healthy (Response time: 165.55ms)
2025-05-25 00:38:11,120 - __main__ - INFO - ✅ webapp_metrics is healthy (Response time: 228.98ms)
2025-05-25 00:38:11,121 - __main__ - ERROR - ❌ Failed to check webapp_metrics: Expecting value: line 2 column 1 (char 1)
2025-05-25 00:38:12,125 - metrics_collector - INFO - System metrics: CPU: 13.3%, Memory: 29.4%, Disk: 0.9%
2025-05-25 00:38:21,138 - __main__ - INFO - Running health checks...
2025-05-25 00:38:21,153 - __main__ - INFO - ✅ webapp is healthy (Response time: 14.07ms)
2025-05-25 00:38:21,163 - __main__ - INFO - ✅ webapp_metrics is healthy (Response time: 9.23ms)
2025-05-25 00:38:21,164 - __main__ - ERROR - ❌ Failed to check webapp_metrics: Expecting value: line 2 column 1 (char 1)
2025-05-25 00:38:31,185 - __main__ - INFO - Running health checks...
2025-05-25 00:38:31,199 - __main__ - INFO - ✅ webapp is healthy (Response time: 13.51ms)
2025-05-25 00:38:31,210 - __main__ - INFO - ✅ webapp_metrics is healthy (Response time: 10.02ms)
2025-05-25 00:38:31,211 - __main__ - ERROR - ❌ Failed to check webapp_metrics: Expecting value: line 2 column 1 (char 1)
2025-05-25 00:38:42,196 - __main__ - INFO - Running health checks...
2025-05-25 00:38:42,209 - __main__ - WARNING - ❌ webapp returned status 503
2025-05-25 00:38:42,222 - __main__ - INFO - ✅ webapp_metrics is healthy (Response time: 12.06ms)
2025-05-25 00:38:42,222 - __main__ - ERROR - ❌ Failed to check webapp_metrics: Expecting value: line 2 column 1 (char 1)
2025-05-25 00:38:52,236 - __main__ - INFO - Running health checks...
2025-05-25 00:38:52,248 - __main__ - INFO - ✅ webapp is healthy (Response time: 11.51ms)
2025-05-25 00:38:52,259 - __main__ - INFO - ✅ webapp_metrics is healthy (Response time: 9.76ms)
2025-05-25 00:38:52,260 - __main__ - ERROR - ❌ Failed to check webapp_metrics: Expecting value: line 2 column 1 (char 1)
2025-05-25 00:39:02,293 - __main__ - INFO - Running health checks...
2025-05-25 00:39:02,306 - __main__ - INFO - ✅ webapp is healthy (Response time: 11.90ms)
2025-05-25 00:39:02,317 - __main__ - INFO - ✅ webapp_metrics is healthy (Response time: 10.16ms)
2025-05-25 00:39:02,319 - __main__ - ERROR - ❌ Failed to check webapp_metrics: Expecting value: line 2 column 1 (char 1)
2025-05-25 00:39:13,286 - metrics_collector - INFO - System metrics: CPU: 0.7%, Memory: 29.5%, Disk: 0.9%
2025-05-25 00:39:14,287 - __main__ - INFO - Running health checks...
2025-05-25 00:39:14,298 - __main__ - INFO - ✅ webapp is healthy (Response time: 10.26ms)
2025-05-25 00:39:14,309 - __main__ - INFO - ✅ webapp_metrics is healthy (Response time: 10.02ms)
2025-05-25 00:39:14,310 - __main__ - ERROR - ❌ Failed to check webapp_metrics: Expecting value: line 2 column 1 (char 1)
2025-05-25 00:39:24,323 - __main__ - INFO - Running health checks...
2025-05-25 00:39:24,350 - __main__ - INFO - ✅ webapp is healthy (Response time: 25.18ms)
2025-05-25 00:39:24,365 - __main__ - INFO - ✅ webapp_metrics is healthy (Response time: 14.50ms)
2025-05-25 00:39:24,366 - __main__ - ERROR - ❌ Failed to check webapp_metrics: Expecting value: line 2 column 1 (char 1)
2025-05-25 00:39:34,408 - __main__ - INFO - Running health checks...
2025-05-25 00:39:34,425 - __main__ - INFO - ✅ webapp is healthy (Response time: 16.38ms)
2025-05-25 00:39:34,435 - __main__ - INFO - ✅ webapp_metrics is healthy (Response time: 9.17ms)
2025-05-25 00:39:34,436 - __main__ - ERROR - ❌ Failed to check webapp_metrics: Expecting value: line 2 column 1 (char 1)
2025-05-25 00:39:45,406 - __main__ - INFO - Running health checks...
2025-05-25 00:39:45,424 - __main__ - INFO - ✅ webapp is healthy (Response time: 15.98ms)
2025-05-25 00:39:45,436 - __main__ - INFO - ✅ webapp_metrics is healthy (Response time: 10.90ms)
2025-05-25 00:39:45,436 - __main__ - ERROR - ❌ Failed to check webapp_metrics: Expecting value: line 2 column 1 (char 1)
2025-05-25 00:39:55,449 - __main__ - INFO - Running health checks...
2025-05-25 00:39:55,465 - __main__ - INFO - ✅ webapp is healthy (Response time: 15.30ms)
2025-05-25 00:39:55,478 - __main__ - INFO - ✅ webapp_metrics is healthy (Response time: 11.34ms)
2025-05-25 00:39:55,478 - __main__ - ERROR - ❌ Failed to check webapp_metrics: Expecting value: line 2 column 1 (char 1)
2025-05-25 00:40:05,501 - __main__ - INFO - Running health checks...
2025-05-25 00:40:05,512 - __main__ - INFO - ✅ webapp is healthy (Response time: 10.88ms)
2025-05-25 00:40:05,522 - __main__ - INFO - ✅ webapp_metrics is healthy (Response time: 8.70ms)
2025-05-25 00:40:05,523 - __main__ - ERROR - ❌ Failed to check webapp_metrics: Expecting value: line 2 column 1 (char 1)
2025-05-25 00:40:14,490 - metrics_collector - INFO - System metrics: CPU: 0.7%, Memory: 29.6%, Disk: 0.9%
2025-05-25 00:40:16,493 - __main__ - INFO - Running health checks...
2025-05-25 00:40:16,504 - __main__ - WARNING - ❌ webapp returned status 503
2025-05-25 00:40:16,515 - __main__ - INFO - ✅ webapp_metrics is healthy (Response time: 9.56ms)
2025-05-25 00:40:16,517 - __main__ - ERROR - ❌ Failed to check webapp_metrics: Expecting value: line 2 column 1 (char 1)
2025-05-25 00:40:26,534 - __main__ - INFO - Running health checks...
2025-05-25 00:40:26,547 - __main__ - INFO - ✅ webapp is healthy (Response time: 12.05ms)
2025-05-25 00:40:26,558 - __main__ - INFO - ✅ webapp_metrics is healthy (Response time: 9.52ms)
2025-05-25 00:40:26,558 - __main__ - ERROR - ❌ Failed to check webapp_metrics: Expecting value: line 2 column 1 (char 1)
2025-05-25 00:40:36,582 - __main__ - INFO - Running health checks...
2025-05-25 00:40:36,598 - __main__ - INFO - ✅ webapp is healthy (Response time: 9.26ms)
2025-05-25 00:40:36,608 - __main__ - INFO - ✅ webapp_metrics is healthy (Response time: 8.72ms)
2025-05-25 00:40:36,608 - __main__ - ERROR - ❌ Failed to check webapp_metrics: Expecting value: line 2 column 1 (char 1)
2025-05-25 00:40:47,570 - __main__ - INFO - Running health checks...
2025-05-25 00:40:47,584 - __main__ - WARNING - ❌ webapp returned status 503
2025-05-25 00:40:47,597 - __main__ - INFO - ✅ webapp_metrics is healthy (Response time: 12.11ms)
2025-05-25 00:40:47,598 - __main__ - ERROR - ❌ Failed to check webapp_metrics: Expecting value: line 2 column 1 (char 1)
2025-05-25 00:40:57,616 - __main__ - INFO - Running health checks...
2025-05-25 00:40:57,629 - __main__ - INFO - ✅ webapp is healthy (Response time: 12.40ms)
2025-05-25 00:40:57,641 - __main__ - INFO - ✅ webapp_metrics is healthy (Response time: 10.55ms)
2025-05-25 00:40:57,642 - __main__ - ERROR - ❌ Failed to check webapp_metrics: Expecting value: line 2 column 1 (char 1)
2025-05-25 00:41:07,681 - __main__ - INFO - Running health checks...
2025-05-25 00:41:07,693 - __main__ - INFO - ✅ webapp is healthy (Response time: 11.87ms)
2025-05-25 00:41:07,708 - __main__ - INFO - ✅ webapp_metrics is healthy (Response time: 13.59ms)
2025-05-25 00:41:07,709 - __main__ - ERROR - ❌ Failed to check webapp_metrics: Expecting value: line 2 column 1 (char 1)
2025-05-25 00:41:15,660 - metrics_collector - INFO - System metrics: CPU: 2.6%, Memory: 29.6%, Disk: 0.9%
2025-05-25 00:41:18,665 - __main__ - INFO - Running health checks...
2025-05-25 00:41:18,675 - __main__ - INFO - ✅ webapp is healthy (Response time: 9.46ms)
2025-05-25 00:41:18,684 - __main__ - INFO - ✅ webapp_metrics is healthy (Response time: 8.13ms)
2025-05-25 00:41:18,685 - __main__ - ERROR - ❌ Failed to check webapp_metrics: Expecting value: line 2 column 1 (char 1)
2025-05-25 00:41:28,700 - __main__ - INFO - Running health checks...
2025-05-25 00:41:28,714 - __main__ - INFO - ✅ webapp is healthy (Response time: 12.90ms)
2025-05-25 00:41:28,728 - __main__ - INFO - ✅ webapp_metrics is healthy (Response time: 13.26ms)
2025-05-25 00:41:28,729 - __main__ - ERROR - ❌ Failed to check webapp_metrics: Expecting value: line 2 column 1 (char 1)
2025-05-25 00:41:38,928 - __main__ - INFO - Running health checks...
2025-05-25 00:41:38,950 - __main__ - INFO - ✅ webapp is healthy (Response time: 20.74ms)
2025-05-25 00:41:38,970 - __main__ - INFO - ✅ webapp_metrics is healthy (Response time: 18.79ms)
2025-05-25 00:41:38,971 - __main__ - ERROR - ❌ Failed to check webapp_metrics: Expecting value: line 2 column 1 (char 1)
2025-05-25 00:43:01,248 - __main__ - INFO - Running health checks...
2025-05-25 00:43:01,265 - __main__ - INFO - ✅ webapp is healthy (Response time: 16.31ms)
2025-05-25 00:43:01,279 - __main__ - INFO - ✅ webapp_metrics is healthy (Response time: 13.13ms)
2025-05-25 00:43:01,280 - __main__ - ERROR - ❌ Failed to check webapp_metrics: Expecting value: line 2 column 1 (char 1)
2025-05-25 00:43:02,285 - metrics_collector - INFO - System metrics: CPU: 2.6%, Memory: 29.6%, Disk: 0.9%
2025-05-25 00:43:11,296 - __main__ - INFO - Running health checks...
2025-05-25 00:43:11,308 - __main__ - INFO - ✅ webapp is healthy (Response time: 11.83ms)
2025-05-25 00:43:11,323 - __main__ - INFO - ✅ webapp_metrics is healthy (Response time: 13.35ms)
2025-05-25 00:43:11,323 - __main__ - ERROR - ❌ Failed to check webapp_metrics: Expecting value: line 2 column 1 (char 1)
2025-05-25 00:43:21,344 - __main__ - INFO - Running health checks...
2025-05-25 00:43:21,354 - __main__ - INFO - ✅ webapp is healthy (Response time: 9.55ms)
2025-05-25 00:43:21,363 - __main__ - INFO - ✅ webapp_metrics is healthy (Response time: 7.44ms)
2025-05-25 00:43:21,363 - __main__ - ERROR - ❌ Failed to check webapp_metrics: Expecting value: line 2 column 1 (char 1)
2025-05-25 00:43:32,334 - __main__ - INFO - Running health checks...
2025-05-25 00:43:32,349 - __main__ - INFO - ✅ webapp is healthy (Response time: 13.99ms)
2025-05-25 00:43:32,364 - __main__ - INFO - ✅ webapp_metrics is healthy (Response time: 13.90ms)
2025-05-25 00:43:32,365 - __main__ - ERROR - ❌ Failed to check webapp_metrics: Expecting value: line 2 column 1 (char 1)
2025-05-25 00:43:42,377 - __main__ - INFO - Running health checks...
2025-05-25 00:43:42,388 - __main__ - WARNING - ❌ webapp returned status 503
2025-05-25 00:43:42,397 - __main__ - INFO - ✅ webapp_metrics is healthy (Response time: 8.75ms)
2025-05-25 00:43:42,398 - __main__ - ERROR - ❌ Failed to check webapp_metrics: Expecting value: line 2 column 1 (char 1)
2025-05-25 00:43:52,420 - __main__ - INFO - Running health checks...
2025-05-25 00:43:52,433 - __main__ - INFO - ✅ webapp is healthy (Response time: 11.93ms)
2025-05-25 00:43:52,442 - __main__ - INFO - ✅ webapp_metrics is healthy (Response time: 8.95ms)
2025-05-25 00:43:52,443 - __main__ - ERROR - ❌ Failed to check webapp_metrics: Expecting value: line 2 column 1 (char 1)
2025-05-25 00:44:03,403 - metrics_collector - INFO - System metrics: CPU: 2.6%, Memory: 29.2%, Disk: 0.9%
2025-05-25 00:44:04,406 - __main__ - INFO - Running health checks...
2025-05-25 00:44:04,428 - __main__ - INFO - ✅ webapp is healthy (Response time: 20.57ms)
2025-05-25 00:44:04,441 - __main__ - INFO - ✅ webapp_metrics is healthy (Response time: 12.43ms)
2025-05-25 00:44:04,442 - __main__ - ERROR - ❌ Failed to check webapp_metrics: Expecting value: line 2 column 1 (char 1)
2025-05-25 00:44:14,461 - __main__ - INFO - Running health checks...
2025-05-25 00:44:14,483 - __main__ - INFO - ✅ webapp is healthy (Response time: 21.35ms)
2025-05-25 00:44:14,495 - __main__ - INFO - ✅ webapp_metrics is healthy (Response time: 10.39ms)
2025-05-25 00:44:14,495 - __main__ - ERROR - ❌ Failed to check webapp_metrics: Expecting value: line 2 column 1 (char 1)
2025-05-25 00:44:24,517 - __main__ - INFO - Running health checks...
2025-05-25 00:44:24,548 - __main__ - INFO - ✅ webapp is healthy (Response time: 29.21ms)
2025-05-25 00:44:24,559 - __main__ - INFO - ✅ webapp_metrics is healthy (Response time: 10.32ms)
2025-05-25 00:44:24,560 - __main__ - ERROR - ❌ Failed to check webapp_metrics: Expecting value: line 2 column 1 (char 1)
2025-05-25 00:44:35,534 - __main__ - INFO - Running health checks...
2025-05-25 00:44:35,551 - __main__ - INFO - ✅ webapp is healthy (Response time: 15.66ms)
2025-05-25 00:44:35,562 - __main__ - INFO - ✅ webapp_metrics is healthy (Response time: 10.08ms)
2025-05-25 00:44:35,563 - __main__ - ERROR - ❌ Failed to check webapp_metrics: Expecting value: line 2 column 1 (char 1)
2025-05-25 00:44:45,576 - __main__ - INFO - Running health checks...
2025-05-25 00:44:45,605 - __main__ - INFO - ✅ webapp is healthy (Response time: 28.24ms)
2025-05-25 00:44:45,617 - __main__ - INFO - ✅ webapp_metrics is healthy (Response time: 10.81ms)
2025-05-25 00:44:45,618 - __main__ - ERROR - ❌ Failed to check webapp_metrics: Expecting value: line 2 column 1 (char 1)
2025-05-25 00:54:47,122 - __main__ - INFO - Starting health monitoring service...
2025-05-25 00:54:47,123 - __main__ - INFO - Running health checks...
2025-05-25 00:54:47,158 - __main__ - INFO - ✅ webapp is healthy (Response time: 35.10ms)
2025-05-25 00:54:47,165 - __main__ - INFO - ✅ webapp_metrics is healthy (Response time: 6.23ms)
2025-05-25 00:54:47,166 - __main__ - ERROR - ❌ Failed to check webapp_metrics: Expecting value: line 2 column 1 (char 1)
2025-05-25 00:54:57,180 - __main__ - INFO - Running health checks...
2025-05-25 00:54:57,189 - __main__ - INFO - ✅ webapp is healthy (Response time: 7.95ms)
2025-05-25 00:54:57,196 - __main__ - INFO - ✅ webapp_metrics is healthy (Response time: 6.38ms)
2025-05-25 00:54:57,196 - __main__ - ERROR - ❌ Failed to check webapp_metrics: Expecting value: line 2 column 1 (char 1)
2025-05-25 00:55:08,152 - __main__ - INFO - Running health checks...
2025-05-25 00:55:08,164 - __main__ - INFO - ✅ webapp is healthy (Response time: 11.71ms)
2025-05-25 00:55:08,171 - __main__ - INFO - ✅ webapp_metrics is healthy (Response time: 6.51ms)
2025-05-25 00:55:08,172 - __main__ - ERROR - ❌ Failed to check webapp_metrics: Expecting value: line 2 column 1 (char 1)
2025-05-25 00:55:18,186 - __main__ - INFO - Running health checks...
2025-05-25 00:55:18,199 - __main__ - INFO - ✅ webapp is healthy (Response time: 12.23ms)
2025-05-25 00:55:18,207 - __main__ - INFO - ✅ webapp_metrics is healthy (Response time: 6.45ms)
2025-05-25 00:55:18,207 - __main__ - ERROR - ❌ Failed to check webapp_metrics: Expecting value: line 2 column 1 (char 1)
2025-05-25 00:55:28,225 - __main__ - INFO - Running health checks...
2025-05-25 00:55:28,237 - __main__ - INFO - ✅ webapp is healthy (Response time: 10.59ms)
2025-05-25 00:55:28,244 - __main__ - INFO - ✅ webapp_metrics is healthy (Response time: 6.71ms)
2025-05-25 00:55:28,245 - __main__ - ERROR - ❌ Failed to check webapp_metrics: Expecting value: line 2 column 1 (char 1)
2025-05-25 00:55:39,198 - __main__ - INFO - Running health checks...
2025-05-25 00:55:39,206 - __main__ - INFO - ✅ webapp is healthy (Response time: 7.22ms)
2025-05-25 00:55:39,213 - __main__ - INFO - ✅ webapp_metrics is healthy (Response time: 6.77ms)
2025-05-25 00:55:39,214 - __main__ - ERROR - ❌ Failed to check webapp_metrics: Expecting value: line 2 column 1 (char 1)
2025-05-25 00:55:48,229 - metrics_collector - INFO - System metrics: CPU: 0.9%, Memory: 29.9%, Disk: 1.0%
2025-05-25 00:55:49,232 - __main__ - INFO - Running health checks...
2025-05-25 00:55:49,240 - __main__ - INFO - ✅ webapp is healthy (Response time: 7.76ms)
2025-05-25 00:55:49,247 - __main__ - INFO - ✅ webapp_metrics is healthy (Response time: 6.28ms)
2025-05-25 00:55:49,248 - __main__ - ERROR - ❌ Failed to check webapp_metrics: Expecting value: line 2 column 1 (char 1)
2025-05-25 00:55:59,270 - __main__ - INFO - Running health checks...
2025-05-25 00:55:59,279 - __main__ - INFO - ✅ webapp is healthy (Response time: 8.26ms)
2025-05-25 00:55:59,288 - __main__ - INFO - ✅ webapp_metrics is healthy (Response time: 7.95ms)
2025-05-25 00:55:59,288 - __main__ - ERROR - ❌ Failed to check webapp_metrics: Expecting value: line 2 column 1 (char 1)
2025-05-25 00:56:10,225 - __main__ - INFO - Running health checks...
2025-05-25 00:56:10,238 - __main__ - INFO - ✅ webapp is healthy (Response time: 12.60ms)
2025-05-25 00:56:10,245 - __main__ - INFO - ✅ webapp_metrics is healthy (Response time: 6.17ms)
2025-05-25 00:56:10,245 - __main__ - ERROR - ❌ Failed to check webapp_metrics: Expecting value: line 2 column 1 (char 1)
2025-05-25 00:56:20,263 - __main__ - INFO - Running health checks...
2025-05-25 00:56:20,273 - __main__ - INFO - ✅ webapp is healthy (Response time: 9.52ms)
2025-05-25 00:56:20,283 - __main__ - INFO - ✅ webapp_metrics is healthy (Response time: 9.10ms)
2025-05-25 00:56:20,284 - __main__ - ERROR - ❌ Failed to check webapp_metrics: Expecting value: line 2 column 1 (char 1)
2025-05-25 00:56:31,228 - __main__ - INFO - Running health checks...
2025-05-25 00:56:31,240 - __main__ - INFO - ✅ webapp is healthy (Response time: 11.14ms)
2025-05-25 00:56:31,247 - __main__ - INFO - ✅ webapp_metrics is healthy (Response time: 6.35ms)
2025-05-25 00:56:31,248 - __main__ - ERROR - ❌ Failed to check webapp_metrics: Expecting value: line 2 column 1 (char 1)
2025-05-25 00:56:41,260 - __main__ - INFO - Running health checks...
2025-05-25 00:56:41,269 - __main__ - INFO - ✅ webapp is healthy (Response time: 8.84ms)
2025-05-25 00:56:41,277 - __main__ - INFO - ✅ webapp_metrics is healthy (Response time: 6.65ms)
2025-05-25 00:56:41,277 - __main__ - ERROR - ❌ Failed to check webapp_metrics: Expecting value: line 2 column 1 (char 1)
2025-05-25 00:56:49,294 - metrics_collector - INFO - System metrics: CPU: 0.1%, Memory: 29.8%, Disk: 1.0%
2025-05-25 00:56:51,297 - __main__ - INFO - Running health checks...
2025-05-25 00:56:51,306 - __main__ - INFO - ✅ webapp is healthy (Response time: 8.26ms)
2025-05-25 00:56:51,313 - __main__ - INFO - ✅ webapp_metrics is healthy (Response time: 6.71ms)
2025-05-25 00:56:51,314 - __main__ - ERROR - ❌ Failed to check webapp_metrics: Expecting value: line 2 column 1 (char 1)
2025-05-25 01:02:42,310 - __main__ - INFO - Starting health monitoring service...
2025-05-25 01:02:42,311 - __main__ - INFO - Running health checks...
2025-05-25 01:02:42,319 - __main__ - INFO - ✅ webapp is healthy (Response time: 8.20ms)
2025-05-25 01:02:42,326 - __main__ - INFO - ✅ webapp_metrics is healthy (Response time: 6.00ms)
2025-05-25 01:02:42,326 - __main__ - ERROR - ❌ Failed to check webapp_metrics: Expecting value: line 2 column 1 (char 1)
2025-05-25 01:02:52,342 - __main__ - INFO - Running health checks...
2025-05-25 01:02:52,349 - __main__ - INFO - ✅ webapp is healthy (Response time: 6.72ms)
2025-05-25 01:02:52,356 - __main__ - INFO - ✅ webapp_metrics is healthy (Response time: 5.92ms)
2025-05-25 01:02:52,356 - __main__ - ERROR - ❌ Failed to check webapp_metrics: Expecting value: line 2 column 1 (char 1)
2025-05-25 01:05:13,907 - __main__ - INFO - Starting health monitoring service...
2025-05-25 01:05:13,908 - __main__ - INFO - Running health checks...
2025-05-25 01:05:13,919 - __main__ - INFO - ✅ webapp is healthy (Response time: 10.32ms)
2025-05-25 01:05:13,929 - __main__ - INFO - ✅ webapp_metrics is healthy (Response time: 9.07ms)
2025-05-25 01:05:13,930 - __main__ - ERROR - ❌ Failed to check webapp_metrics: Expecting value: line 2 column 1 (char 1)
2025-05-25 01:05:23,957 - __main__ - INFO - Running health checks...
2025-05-25 01:05:23,965 - __main__ - INFO - ✅ webapp is healthy (Response time: 7.77ms)
2025-05-25 01:05:23,973 - __main__ - INFO - ✅ webapp_metrics is healthy (Response time: 7.21ms)
2025-05-25 01:05:23,974 - __main__ - ERROR - ❌ Failed to check webapp_metrics: Expecting value: line 2 column 1 (char 1)
2025-05-25 01:05:34,898 - __main__ - INFO - Running health checks...
2025-05-25 01:05:34,905 - __main__ - INFO - ✅ webapp is healthy (Response time: 6.86ms)
2025-05-25 01:05:34,914 - __main__ - INFO - ✅ webapp_metrics is healthy (Response time: 7.84ms)
2025-05-25 01:05:34,914 - __main__ - ERROR - ❌ Failed to check webapp_metrics: Expecting value: line 2 column 1 (char 1)
2025-05-25 01:05:44,930 - __main__ - INFO - Running health checks...
2025-05-25 01:05:44,937 - __main__ - INFO - ✅ webapp is healthy (Response time: 6.92ms)
2025-05-25 01:05:44,946 - __main__ - INFO - ✅ webapp_metrics is healthy (Response time: 7.77ms)
2025-05-25 01:05:44,946 - __main__ - ERROR - ❌ Failed to check webapp_metrics: Expecting value: line 2 column 1 (char 1)
2025-05-25 01:05:54,984 - __main__ - INFO - Running health checks...
2025-05-25 01:05:54,994 - __main__ - INFO - ✅ webapp is healthy (Response time: 9.17ms)
2025-05-25 01:05:55,002 - __main__ - INFO - ✅ webapp_metrics is healthy (Response time: 7.62ms)
2025-05-25 01:05:55,003 - __main__ - ERROR - ❌ Failed to check webapp_metrics: Expecting value: line 2 column 1 (char 1)
2025-05-25 01:06:05,924 - __main__ - INFO - Running health checks...
2025-05-25 01:06:05,934 - __main__ - INFO - ✅ webapp is healthy (Response time: 9.89ms)
2025-05-25 01:06:05,942 - __main__ - INFO - ✅ webapp_metrics is healthy (Response time: 7.02ms)
2025-05-25 01:06:05,943 - __main__ - ERROR - ❌ Failed to check webapp_metrics: Expecting value: line 2 column 1 (char 1)
2025-05-25 01:06:14,958 - metrics_collector - INFO - System metrics: CPU: 0.2%, Memory: 30.6%, Disk: 1.1%
2025-05-25 01:06:15,964 - __main__ - INFO - Running health checks...
2025-05-25 01:06:15,971 - __main__ - INFO - ✅ webapp is healthy (Response time: 7.26ms)
2025-05-25 01:06:15,979 - __main__ - INFO - ✅ webapp_metrics is healthy (Response time: 7.20ms)
2025-05-25 01:06:15,980 - __main__ - ERROR - ❌ Failed to check webapp_metrics: Expecting value: line 2 column 1 (char 1)
2025-05-25 01:06:26,009 - __main__ - INFO - Running health checks...
2025-05-25 01:06:26,019 - __main__ - INFO - ✅ webapp is healthy (Response time: 8.95ms)
2025-05-25 01:06:26,027 - __main__ - INFO - ✅ webapp_metrics is healthy (Response time: 8.04ms)
2025-05-25 01:06:26,029 - __main__ - ERROR - ❌ Failed to check webapp_metrics: Expecting value: line 2 column 1 (char 1)
2025-05-25 01:06:36,966 - __main__ - INFO - Running health checks...
2025-05-25 01:06:36,975 - __main__ - INFO - ✅ webapp is healthy (Response time: 8.61ms)
2025-05-25 01:06:36,984 - __main__ - INFO - ✅ webapp_metrics is healthy (Response time: 8.26ms)
2025-05-25 01:06:36,985 - __main__ - ERROR - ❌ Failed to check webapp_metrics: Expecting value: line 2 column 1 (char 1)
2025-05-25 01:06:47,000 - __main__ - INFO - Running health checks...
2025-05-25 01:06:47,010 - __main__ - INFO - ✅ webapp is healthy (Response time: 9.22ms)
2025-05-25 01:06:47,019 - __main__ - INFO - ✅ webapp_metrics is healthy (Response time: 7.67ms)
2025-05-25 01:06:47,019 - __main__ - ERROR - ❌ Failed to check webapp_metrics: Expecting value: line 2 column 1 (char 1)
2025-05-25 01:06:57,034 - __main__ - INFO - Running health checks...
2025-05-25 01:06:57,043 - __main__ - INFO - ✅ webapp is healthy (Response time: 7.63ms)
2025-05-25 01:06:57,052 - __main__ - INFO - ✅ webapp_metrics is healthy (Response time: 8.73ms)
2025-05-25 01:06:57,053 - __main__ - ERROR - ❌ Failed to check webapp_metrics: Expecting value: line 2 column 1 (char 1)
2025-05-25 01:07:07,988 - __main__ - INFO - Running health checks...
2025-05-25 01:07:07,998 - __main__ - INFO - ✅ webapp is healthy (Response time: 9.57ms)
2025-05-25 01:07:08,007 - __main__ - INFO - ✅ webapp_metrics is healthy (Response time: 8.43ms)
2025-05-25 01:07:08,008 - __main__ - ERROR - ❌ Failed to check webapp_metrics: Expecting value: line 2 column 1 (char 1)
2025-05-25 01:07:16,030 - metrics_collector - INFO - System metrics: CPU: 0.3%, Memory: 30.5%, Disk: 1.1%
2025-05-25 01:07:18,040 - __main__ - INFO - Running health checks...
2025-05-25 01:07:18,054 - __main__ - INFO - ✅ webapp is healthy (Response time: 13.30ms)
2025-05-25 01:07:18,065 - __main__ - INFO - ✅ webapp_metrics is healthy (Response time: 10.01ms)
2025-05-25 01:07:18,065 - __main__ - ERROR - ❌ Failed to check webapp_metrics: Expecting value: line 2 column 1 (char 1)
2025-05-25 01:07:28,986 - __main__ - INFO - Running health checks...
2025-05-25 01:07:28,994 - __main__ - INFO - ✅ webapp is healthy (Response time: 8.23ms)
2025-05-25 01:07:29,002 - __main__ - INFO - ✅ webapp_metrics is healthy (Response time: 6.99ms)
2025-05-25 01:07:29,003 - __main__ - ERROR - ❌ Failed to check webapp_metrics: Expecting value: line 2 column 1 (char 1)
2025-05-25 01:07:39,014 - __main__ - INFO - Running health checks...
2025-05-25 01:07:39,022 - __main__ - INFO - ✅ webapp is healthy (Response time: 7.65ms)
2025-05-25 01:07:39,030 - __main__ - INFO - ✅ webapp_metrics is healthy (Response time: 7.26ms)
2025-05-25 01:07:39,031 - __main__ - ERROR - ❌ Failed to check webapp_metrics: Expecting value: line 2 column 1 (char 1)
2025-05-25 01:07:49,059 - __main__ - INFO - Running health checks...
2025-05-25 01:07:49,067 - __main__ - INFO - ✅ webapp is healthy (Response time: 6.90ms)
2025-05-25 01:07:49,074 - __main__ - INFO - ✅ webapp_metrics is healthy (Response time: 6.89ms)
2025-05-25 01:07:49,075 - __main__ - ERROR - ❌ Failed to check webapp_metrics: Expecting value: line 2 column 1 (char 1)
2025-05-25 01:08:00,016 - __main__ - INFO - Running health checks...
2025-05-25 01:08:00,026 - __main__ - WARNING - ❌ webapp returned status 503
2025-05-25 01:08:00,035 - __main__ - INFO - ✅ webapp_metrics is healthy (Response time: 8.22ms)
2025-05-25 01:08:00,036 - __main__ - ERROR - ❌ Failed to check webapp_metrics: Expecting value: line 2 column 1 (char 1)
2025-05-25 01:08:10,050 - __main__ - INFO - Running health checks...
2025-05-25 01:08:10,062 - __main__ - INFO - ✅ webapp is healthy (Response time: 11.68ms)
2025-05-25 01:08:10,072 - __main__ - INFO - ✅ webapp_metrics is healthy (Response time: 8.50ms)
2025-05-25 01:08:10,073 - __main__ - ERROR - ❌ Failed to check webapp_metrics: Expecting value: line 2 column 1 (char 1)
2025-05-25 01:08:17,097 - metrics_collector - INFO - System metrics: CPU: 0.8%, Memory: 30.6%, Disk: 1.1%
2025-05-25 01:08:20,112 - __main__ - INFO - Running health checks...
2025-05-25 01:08:20,123 - __main__ - INFO - ✅ webapp is healthy (Response time: 9.71ms)
2025-05-25 01:08:20,131 - __main__ - INFO - ✅ webapp_metrics is healthy (Response time: 7.66ms)
2025-05-25 01:08:20,132 - __main__ - ERROR - ❌ Failed to check webapp_metrics: Expecting value: line 2 column 1 (char 1)
2025-05-25 01:08:31,063 - __main__ - INFO - Running health checks...
2025-05-25 01:08:31,071 - __main__ - INFO - ✅ webapp is healthy (Response time: 6.92ms)
2025-05-25 01:08:31,078 - __main__ - INFO - ✅ webapp_metrics is healthy (Response time: 6.83ms)
2025-05-25 01:08:31,079 - __main__ - ERROR - ❌ Failed to check webapp_metrics: Expecting value: line 2 column 1 (char 1)
2025-05-25 01:08:41,094 - __main__ - INFO - Running health checks...
2025-05-25 01:08:41,102 - __main__ - INFO - ✅ webapp is healthy (Response time: 7.36ms)
2025-05-25 01:08:41,112 - __main__ - INFO - ✅ webapp_metrics is healthy (Response time: 8.54ms)
2025-05-25 01:08:41,112 - __main__ - ERROR - ❌ Failed to check webapp_metrics: Expecting value: line 2 column 1 (char 1)
2025-05-25 01:08:51,130 - __main__ - INFO - Running health checks...
2025-05-25 01:08:51,138 - __main__ - INFO - ✅ webapp is healthy (Response time: 7.54ms)
2025-05-25 01:08:51,145 - __main__ - INFO - ✅ webapp_metrics is healthy (Response time: 6.39ms)
2025-05-25 01:08:51,145 - __main__ - ERROR - ❌ Failed to check webapp_metrics: Expecting value: line 2 column 1 (char 1)
2025-05-25 01:09:02,078 - __main__ - INFO - Running health checks...
2025-05-25 01:09:02,089 - __main__ - INFO - ✅ webapp is healthy (Response time: 10.07ms)
2025-05-25 01:09:02,097 - __main__ - INFO - ✅ webapp_metrics is healthy (Response time: 7.34ms)
2025-05-25 01:09:02,098 - __main__ - ERROR - ❌ Failed to check webapp_metrics: Expecting value: line 2 column 1 (char 1)
2025-05-25 01:09:12,113 - __main__ - INFO - Running health checks...
2025-05-25 01:09:12,122 - __main__ - INFO - ✅ webapp is healthy (Response time: 9.16ms)
2025-05-25 01:09:12,129 - __main__ - INFO - ✅ webapp_metrics is healthy (Response time: 5.80ms)
2025-05-25 01:09:12,129 - __main__ - ERROR - ❌ Failed to check webapp_metrics: Expecting value: line 2 column 1 (char 1)
2025-05-25 01:09:18,140 - metrics_collector - INFO - System metrics: CPU: 8.5%, Memory: 30.4%, Disk: 1.1%
2025-05-25 01:09:54,947 - __main__ - INFO - Starting health monitoring service...
2025-05-25 01:09:54,948 - __main__ - INFO - Running health checks...
2025-05-25 01:09:54,958 - __main__ - INFO - ✅ webapp is healthy (Response time: 9.72ms)
2025-05-25 01:09:54,968 - __main__ - INFO - ✅ webapp_metrics is healthy (Response time: 8.59ms)
2025-05-25 01:10:05,848 - __main__ - INFO - Running health checks...
2025-05-25 01:10:05,859 - __main__ - INFO - ✅ webapp is healthy (Response time: 9.79ms)
2025-05-25 01:10:05,867 - __main__ - INFO - ✅ webapp_metrics is healthy (Response time: 7.00ms)
2025-05-25 01:10:15,890 - __main__ - INFO - Running health checks...
2025-05-25 01:10:15,910 - __main__ - INFO - ✅ webapp is healthy (Response time: 19.59ms)
2025-05-25 01:10:15,919 - __main__ - INFO - ✅ webapp_metrics is healthy (Response time: 7.98ms)
2025-05-25 01:10:25,940 - __main__ - INFO - Running health checks...
2025-05-25 01:10:25,953 - __main__ - INFO - ✅ webapp is healthy (Response time: 12.27ms)
2025-05-25 01:10:25,963 - __main__ - INFO - ✅ webapp_metrics is healthy (Response time: 8.58ms)
2025-05-25 01:10:36,896 - __main__ - INFO - Running health checks...
2025-05-25 01:10:36,908 - __main__ - INFO - ✅ webapp is healthy (Response time: 11.38ms)
2025-05-25 01:10:36,919 - __main__ - INFO - ✅ webapp_metrics is healthy (Response time: 9.45ms)
2025-05-25 01:10:46,941 - __main__ - INFO - Running health checks...
2025-05-25 01:10:46,949 - __main__ - INFO - ✅ webapp is healthy (Response time: 7.19ms)
2025-05-25 01:10:46,957 - __main__ - INFO - ✅ webapp_metrics is healthy (Response time: 7.48ms)
2025-05-25 01:10:55,977 - metrics_collector - INFO - System metrics: CPU: 1.1%, Memory: 30.6%, Disk: 1.1%
2025-05-25 01:10:56,980 - __main__ - INFO - Running health checks...
2025-05-25 01:10:56,988 - __main__ - INFO - ✅ webapp is healthy (Response time: 7.97ms)
2025-05-25 01:10:56,998 - __main__ - INFO - ✅ webapp_metrics is healthy (Response time: 9.02ms)
2025-05-25 01:11:07,929 - __main__ - INFO - Running health checks...
2025-05-25 01:11:07,942 - __main__ - INFO - ✅ webapp is healthy (Response time: 12.10ms)
2025-05-25 01:11:07,955 - __main__ - INFO - ✅ webapp_metrics is healthy (Response time: 12.05ms)
2025-05-25 01:11:17,974 - __main__ - INFO - Running health checks...
2025-05-25 01:11:17,982 - __main__ - INFO - ✅ webapp is healthy (Response time: 7.53ms)
2025-05-25 01:11:17,991 - __main__ - INFO - ✅ webapp_metrics is healthy (Response time: 7.81ms)
2025-05-25 01:11:28,919 - __main__ - INFO - Running health checks...
2025-05-25 01:11:28,927 - __main__ - WARNING - ❌ webapp returned status 503
2025-05-25 01:11:28,936 - __main__ - INFO - ✅ webapp_metrics is healthy (Response time: 8.93ms)
2025-05-25 01:11:38,948 - __main__ - INFO - Running health checks...
2025-05-25 01:11:38,956 - __main__ - INFO - ✅ webapp is healthy (Response time: 7.58ms)
2025-05-25 01:11:38,964 - __main__ - INFO - ✅ webapp_metrics is healthy (Response time: 6.83ms)
2025-05-25 01:11:48,984 - __main__ - INFO - Running health checks...
2025-05-25 01:11:48,998 - __main__ - INFO - ✅ webapp is healthy (Response time: 13.61ms)
2025-05-25 01:11:49,006 - __main__ - INFO - ✅ webapp_metrics is healthy (Response time: 7.06ms)
2025-05-25 01:12:53,355 - __main__ - INFO - Starting health monitoring service...
2025-05-25 01:12:53,356 - __main__ - INFO - Running health checks...
2025-05-25 01:12:53,364 - __main__ - INFO - ✅ webapp is healthy (Response time: 8.39ms)
2025-05-25 01:12:53,372 - __main__ - INFO - ✅ webapp_metrics is healthy (Response time: 7.19ms)
2025-05-25 01:13:04,302 - __main__ - INFO - Running health checks...
2025-05-25 01:13:04,309 - __main__ - INFO - ✅ webapp is healthy (Response time: 7.30ms)
2025-05-25 01:13:04,317 - __main__ - INFO - ✅ webapp_metrics is healthy (Response time: 7.40ms)
2025-05-25 01:13:14,333 - __main__ - INFO - Running health checks...
2025-05-25 01:13:14,342 - __main__ - WARNING - ❌ webapp returned status 503
2025-05-25 01:13:14,349 - __main__ - INFO - ✅ webapp_metrics is healthy (Response time: 6.57ms)
2025-05-25 01:13:24,364 - __main__ - INFO - Running health checks...
2025-05-25 01:13:24,372 - __main__ - INFO - ✅ webapp is healthy (Response time: 7.14ms)
2025-05-25 01:13:24,379 - __main__ - INFO - ✅ webapp_metrics is healthy (Response time: 6.50ms)
2025-05-25 01:13:35,311 - __main__ - INFO - Running health checks...
2025-05-25 01:13:35,319 - __main__ - INFO - ✅ webapp is healthy (Response time: 7.79ms)
2025-05-25 01:13:35,329 - __main__ - INFO - ✅ webapp_metrics is healthy (Response time: 8.69ms)
2025-05-25 01:13:45,350 - __main__ - INFO - Running health checks...
2025-05-25 01:13:45,357 - __main__ - INFO - ✅ webapp is healthy (Response time: 6.69ms)
2025-05-25 01:13:45,364 - __main__ - INFO - ✅ webapp_metrics is healthy (Response time: 6.68ms)
2025-05-25 01:13:54,387 - metrics_collector - INFO - System metrics: CPU: 0.7%, Memory: 30.8%, Disk: 1.1%
2025-05-25 01:13:55,395 - __main__ - INFO - Running health checks...
2025-05-25 01:13:55,402 - __main__ - INFO - ✅ webapp is healthy (Response time: 7.22ms)
2025-05-25 01:13:55,410 - __main__ - INFO - ✅ webapp_metrics is healthy (Response time: 6.63ms)
2025-05-25 01:14:06,339 - __main__ - INFO - Running health checks...
2025-05-25 01:14:06,349 - __main__ - INFO - ✅ webapp is healthy (Response time: 8.96ms)
2025-05-25 01:14:06,358 - __main__ - INFO - ✅ webapp_metrics is healthy (Response time: 8.49ms)
2025-05-25 01:14:16,388 - __main__ - INFO - Running health checks...
2025-05-25 01:14:16,397 - __main__ - INFO - ✅ webapp is healthy (Response time: 8.73ms)
2025-05-25 01:14:16,405 - __main__ - INFO - ✅ webapp_metrics is healthy (Response time: 6.87ms)
2025-05-25 01:14:26,420 - __main__ - INFO - Running health checks...
2025-05-25 01:14:26,427 - __main__ - INFO - ✅ webapp is healthy (Response time: 6.68ms)
2025-05-25 01:14:26,435 - __main__ - INFO - ✅ webapp_metrics is healthy (Response time: 6.72ms)
2025-05-25 01:14:37,352 - __main__ - INFO - Running health checks...
2025-05-25 01:14:37,359 - __main__ - INFO - ✅ webapp is healthy (Response time: 6.31ms)
2025-05-25 01:14:37,367 - __main__ - INFO - ✅ webapp_metrics is healthy (Response time: 7.09ms)
2025-05-25 01:14:47,383 - __main__ - INFO - Running health checks...
2025-05-25 01:14:47,391 - __main__ - INFO - ✅ webapp is healthy (Response time: 6.64ms)
2025-05-25 01:14:47,398 - __main__ - INFO - ✅ webapp_metrics is healthy (Response time: 6.45ms)
2025-05-25 01:14:55,424 - metrics_collector - INFO - System metrics: CPU: 0.2%, Memory: 30.8%, Disk: 1.1%
2025-05-25 01:14:58,332 - __main__ - INFO - Running health checks...
2025-05-25 01:14:58,339 - __main__ - INFO - ✅ webapp is healthy (Response time: 6.71ms)
2025-05-25 01:14:58,347 - __main__ - INFO - ✅ webapp_metrics is healthy (Response time: 7.43ms)
2025-05-25 01:15:08,359 - __main__ - INFO - Running health checks...
2025-05-25 01:15:08,365 - __main__ - WARNING - ❌ webapp returned status 503
2025-05-25 01:15:08,372 - __main__ - INFO - ✅ webapp_metrics is healthy (Response time: 6.40ms)
2025-05-25 01:15:18,389 - __main__ - INFO - Running health checks...
2025-05-25 01:15:18,396 - __main__ - INFO - ✅ webapp is healthy (Response time: 6.96ms)
2025-05-25 01:15:18,403 - __main__ - INFO - ✅ webapp_metrics is healthy (Response time: 6.25ms)
2025-05-25 01:15:29,360 - __main__ - INFO - Running health checks...
2025-05-25 01:15:29,368 - __main__ - INFO - ✅ webapp is healthy (Response time: 7.12ms)
2025-05-25 01:15:29,378 - __main__ - INFO - ✅ webapp_metrics is healthy (Response time: 9.08ms)
2025-05-25 01:15:39,390 - __main__ - INFO - Running health checks...
2025-05-25 01:15:39,398 - __main__ - INFO - ✅ webapp is healthy (Response time: 7.91ms)
2025-05-25 01:15:39,408 - __main__ - INFO - ✅ webapp_metrics is healthy (Response time: 8.53ms)
2025-05-25 01:15:49,423 - __main__ - INFO - Running health checks...
2025-05-25 01:15:49,430 - __main__ - INFO - ✅ webapp is healthy (Response time: 6.65ms)
2025-05-25 01:15:49,438 - __main__ - INFO - ✅ webapp_metrics is healthy (Response time: 6.73ms)
2025-05-25 01:15:56,452 - metrics_collector - INFO - System metrics: CPU: 0.6%, Memory: 30.9%, Disk: 1.1%
2025-05-25 01:16:00,374 - __main__ - INFO - Running health checks...
2025-05-25 01:16:00,392 - __main__ - INFO - ✅ webapp is healthy (Response time: 17.28ms)
2025-05-25 01:16:00,401 - __main__ - INFO - ✅ webapp_metrics is healthy (Response time: 8.36ms)
2025-05-25 01:16:10,416 - __main__ - INFO - Running health checks...
2025-05-25 01:16:10,441 - __main__ - INFO - ✅ webapp is healthy (Response time: 24.04ms)
2025-05-25 01:16:10,455 - __main__ - INFO - ✅ webapp_metrics is healthy (Response time: 12.91ms)
2025-05-25 01:16:20,481 - __main__ - INFO - Running health checks...
2025-05-25 01:16:20,491 - __main__ - INFO - ✅ webapp is healthy (Response time: 9.75ms)
2025-05-25 01:16:20,501 - __main__ - INFO - ✅ webapp_metrics is healthy (Response time: 8.94ms)
2025-05-25 01:21:02,087 - __main__ - INFO - Running health checks...
2025-05-25 01:21:02,097 - __main__ - INFO - ✅ webapp is healthy (Response time: 9.37ms)
2025-05-25 01:21:02,108 - __main__ - INFO - ✅ webapp_metrics is healthy (Response time: 10.44ms)
2025-05-25 01:21:03,112 - metrics_collector - INFO - System metrics: CPU: 7.0%, Memory: 30.7%, Disk: 1.1%
2025-05-25 01:21:12,121 - __main__ - INFO - Running health checks...
2025-05-25 01:21:12,130 - __main__ - INFO - ✅ webapp is healthy (Response time: 7.93ms)
2025-05-25 01:21:12,138 - __main__ - INFO - ✅ webapp_metrics is healthy (Response time: 7.36ms)
2025-05-25 01:21:22,177 - __main__ - INFO - Running health checks...
2025-05-25 01:21:22,184 - __main__ - WARNING - ❌ webapp returned status 503
2025-05-25 01:21:22,192 - __main__ - INFO - ✅ webapp_metrics is healthy (Response time: 7.48ms)
2025-05-25 01:21:33,143 - __main__ - INFO - Running health checks...
2025-05-25 01:21:33,153 - __main__ - INFO - ✅ webapp is healthy (Response time: 8.94ms)
2025-05-25 01:21:33,162 - __main__ - INFO - ✅ webapp_metrics is healthy (Response time: 8.18ms)
2025-05-25 01:21:43,174 - __main__ - INFO - Running health checks...
2025-05-25 01:21:43,181 - __main__ - INFO - ✅ webapp is healthy (Response time: 6.72ms)
2025-05-25 01:21:43,189 - __main__ - INFO - ✅ webapp_metrics is healthy (Response time: 7.22ms)
2025-05-25 01:21:53,204 - __main__ - INFO - Running health checks...
2025-05-25 01:21:53,213 - __main__ - INFO - ✅ webapp is healthy (Response time: 8.62ms)
2025-05-25 01:21:53,221 - __main__ - INFO - ✅ webapp_metrics is healthy (Response time: 7.05ms)
2025-05-25 01:22:04,141 - metrics_collector - INFO - System metrics: CPU: 0.4%, Memory: 30.6%, Disk: 1.1%
2025-05-25 01:22:05,143 - __main__ - INFO - Running health checks...
2025-05-25 01:22:05,152 - __main__ - INFO - ✅ webapp is healthy (Response time: 8.43ms)
2025-05-25 01:22:05,162 - __main__ - INFO - ✅ webapp_metrics is healthy (Response time: 9.95ms)
2025-05-25 01:22:15,191 - __main__ - INFO - Running health checks...
2025-05-25 01:22:15,201 - __main__ - INFO - ✅ webapp is healthy (Response time: 9.47ms)
2025-05-25 01:22:15,212 - __main__ - INFO - ✅ webapp_metrics is healthy (Response time: 9.72ms)
2025-05-25 01:22:25,241 - __main__ - INFO - Running health checks...
2025-05-25 01:22:25,249 - __main__ - INFO - ✅ webapp is healthy (Response time: 7.88ms)
2025-05-25 01:22:25,258 - __main__ - INFO - ✅ webapp_metrics is healthy (Response time: 7.82ms)
2025-05-25 01:22:36,183 - __main__ - INFO - Running health checks...
2025-05-25 01:22:36,191 - __main__ - INFO - ✅ webapp is healthy (Response time: 7.08ms)
2025-05-25 01:22:36,198 - __main__ - INFO - ✅ webapp_metrics is healthy (Response time: 6.15ms)
2025-05-25 01:22:46,216 - __main__ - INFO - Running health checks...
2025-05-25 01:22:46,224 - __main__ - INFO - ✅ webapp is healthy (Response time: 7.62ms)
2025-05-25 01:22:46,233 - __main__ - INFO - ✅ webapp_metrics is healthy (Response time: 8.07ms)
2025-05-25 01:22:56,254 - __main__ - INFO - Running health checks...
2025-05-25 01:22:56,265 - __main__ - INFO - ✅ webapp is healthy (Response time: 10.54ms)
2025-05-25 01:22:56,277 - __main__ - INFO - ✅ webapp_metrics is healthy (Response time: 11.33ms)
2025-05-25 01:23:05,181 - metrics_collector - INFO - System metrics: CPU: 0.6%, Memory: 30.6%, Disk: 1.1%
2025-05-25 01:23:07,184 - __main__ - INFO - Running health checks...
2025-05-25 01:23:07,193 - __main__ - INFO - ✅ webapp is healthy (Response time: 7.83ms)
2025-05-25 01:23:07,201 - __main__ - INFO - ✅ webapp_metrics is healthy (Response time: 7.72ms)
2025-05-25 01:23:17,223 - __main__ - INFO - Running health checks...
2025-05-25 01:23:17,232 - __main__ - INFO - ✅ webapp is healthy (Response time: 8.34ms)
2025-05-25 01:23:17,240 - __main__ - INFO - ✅ webapp_metrics is healthy (Response time: 7.26ms)
2025-05-25 01:23:27,261 - __main__ - INFO - Running health checks...
2025-05-25 01:23:27,271 - __main__ - INFO - ✅ webapp is healthy (Response time: 9.06ms)
2025-05-25 01:23:27,282 - __main__ - INFO - ✅ webapp_metrics is healthy (Response time: 9.70ms)
2025-05-25 01:23:38,201 - __main__ - INFO - Running health checks...
2025-05-25 01:23:38,208 - __main__ - INFO - ✅ webapp is healthy (Response time: 6.75ms)
2025-05-25 01:23:38,217 - __main__ - INFO - ✅ webapp_metrics is healthy (Response time: 8.38ms)
2025-05-25 01:23:48,237 - __main__ - INFO - Running health checks...
2025-05-25 01:23:48,245 - __main__ - INFO - ✅ webapp is healthy (Response time: 7.52ms)
2025-05-25 01:23:48,254 - __main__ - INFO - ✅ webapp_metrics is healthy (Response time: 8.43ms)
2025-05-25 01:23:58,272 - __main__ - INFO - Running health checks...
2025-05-25 01:23:58,280 - __main__ - INFO - ✅ webapp is healthy (Response time: 7.31ms)
2025-05-25 01:23:58,287 - __main__ - INFO - ✅ webapp_metrics is healthy (Response time: 6.83ms)
2025-05-25 01:24:06,204 - metrics_collector - INFO - System metrics: CPU: 0.7%, Memory: 32.3%, Disk: 1.1%
2025-05-25 01:24:09,208 - __main__ - INFO - Running health checks...
2025-05-25 01:24:09,216 - __main__ - INFO - ✅ webapp is healthy (Response time: 7.19ms)
2025-05-25 01:24:09,224 - __main__ - INFO - ✅ webapp_metrics is healthy (Response time: 7.21ms)
2025-05-25 01:24:19,243 - __main__ - INFO - Running health checks...
2025-05-25 01:24:19,251 - __main__ - INFO - ✅ webapp is healthy (Response time: 7.80ms)
2025-05-25 01:24:19,259 - __main__ - INFO - ✅ webapp_metrics is healthy (Response time: 7.33ms)
2025-05-25 01:24:29,301 - __main__ - INFO - Running health checks...
2025-05-25 01:24:29,309 - __main__ - INFO - ✅ webapp is healthy (Response time: 6.79ms)
2025-05-25 01:24:29,316 - __main__ - INFO - ✅ webapp_metrics is healthy (Response time: 7.40ms)
2025-05-25 01:24:40,232 - __main__ - INFO - Running health checks...
2025-05-25 01:24:40,239 - __main__ - INFO - ✅ webapp is healthy (Response time: 6.56ms)
2025-05-25 01:24:40,246 - __main__ - INFO - ✅ webapp_metrics is healthy (Response time: 6.74ms)
2025-05-25 01:24:50,267 - __main__ - INFO - Running health checks...
2025-05-25 01:24:50,276 - __main__ - INFO - ✅ webapp is healthy (Response time: 9.30ms)
2025-05-25 01:24:50,286 - __main__ - INFO - ✅ webapp_metrics is healthy (Response time: 9.04ms)
2025-05-25 01:25:00,313 - __main__ - INFO - Running health checks...
2025-05-25 01:25:00,321 - __main__ - INFO - ✅ webapp is healthy (Response time: 7.33ms)
2025-05-25 01:25:00,329 - __main__ - INFO - ✅ webapp_metrics is healthy (Response time: 7.52ms)
2025-05-25 01:25:07,262 - metrics_collector - INFO - System metrics: CPU: 1.3%, Memory: 32.8%, Disk: 1.1%
2025-05-25 01:25:11,268 - __main__ - INFO - Running health checks...
2025-05-25 01:25:11,279 - __main__ - INFO - ✅ webapp is healthy (Response time: 9.62ms)
2025-05-25 01:25:11,288 - __main__ - INFO - ✅ webapp_metrics is healthy (Response time: 8.12ms)
2025-05-25 01:25:21,312 - __main__ - INFO - Running health checks...
2025-05-25 01:25:21,320 - __main__ - INFO - ✅ webapp is healthy (Response time: 7.88ms)
2025-05-25 01:25:21,328 - __main__ - INFO - ✅ webapp_metrics is healthy (Response time: 6.86ms)
2025-05-25 01:25:32,247 - __main__ - INFO - Running health checks...
2025-05-25 01:25:32,256 - __main__ - INFO - ✅ webapp is healthy (Response time: 8.89ms)
2025-05-25 01:25:32,266 - __main__ - INFO - ✅ webapp_metrics is healthy (Response time: 9.30ms)
2025-05-25 01:25:42,277 - __main__ - INFO - Running health checks...
2025-05-25 01:25:42,284 - __main__ - INFO - ✅ webapp is healthy (Response time: 6.82ms)
2025-05-25 01:25:42,291 - __main__ - INFO - ✅ webapp_metrics is healthy (Response time: 6.77ms)
2025-05-25 01:25:52,312 - __main__ - INFO - Running health checks...
2025-05-25 01:25:52,320 - __main__ - INFO - ✅ webapp is healthy (Response time: 6.96ms)
2025-05-25 01:25:52,328 - __main__ - INFO - ✅ webapp_metrics is healthy (Response time: 7.58ms)
2025-05-25 01:26:03,254 - __main__ - INFO - Running health checks...
2025-05-25 01:26:03,269 - __main__ - INFO - ✅ webapp is healthy (Response time: 14.37ms)
2025-05-25 01:26:03,291 - __main__ - INFO - ✅ webapp_metrics is healthy (Response time: 19.89ms)
2025-05-25 01:26:08,300 - metrics_collector - INFO - System metrics: CPU: 0.6%, Memory: 33.2%, Disk: 1.1%
2025-05-25 01:26:13,307 - __main__ - INFO - Running health checks...
2025-05-25 01:26:13,323 - __main__ - INFO - ✅ webapp is healthy (Response time: 14.60ms)
2025-05-25 01:26:13,333 - __main__ - INFO - ✅ webapp_metrics is healthy (Response time: 8.02ms)
2025-05-25 01:26:23,357 - __main__ - INFO - Running health checks...
2025-05-25 01:26:23,367 - __main__ - INFO - ✅ webapp is healthy (Response time: 9.61ms)
2025-05-25 01:26:23,375 - __main__ - INFO - ✅ webapp_metrics is healthy (Response time: 7.21ms)
2025-05-25 01:26:34,271 - __main__ - INFO - Running health checks...
2025-05-25 01:26:34,280 - __main__ - INFO - ✅ webapp is healthy (Response time: 8.17ms)
2025-05-25 01:26:34,289 - __main__ - INFO - ✅ webapp_metrics is healthy (Response time: 8.64ms)
2025-05-25 01:26:44,304 - __main__ - INFO - Running health checks...
2025-05-25 01:26:44,315 - __main__ - INFO - ✅ webapp is healthy (Response time: 9.76ms)
2025-05-25 01:26:44,323 - __main__ - INFO - ✅ webapp_metrics is healthy (Response time: 7.22ms)
2025-05-25 01:26:54,339 - __main__ - INFO - Running health checks...
2025-05-25 01:26:54,356 - __main__ - INFO - ✅ webapp is healthy (Response time: 16.07ms)
2025-05-25 01:26:54,369 - __main__ - INFO - ✅ webapp_metrics is healthy (Response time: 11.70ms)
2025-05-25 01:27:05,212 - __main__ - INFO - Running health checks...
2025-05-25 01:27:05,221 - __main__ - INFO - ✅ webapp is healthy (Response time: 8.87ms)
2025-05-25 01:27:05,232 - __main__ - INFO - ✅ webapp_metrics is healthy (Response time: 9.87ms)
2025-05-25 01:27:10,239 - metrics_collector - INFO - System metrics: CPU: 0.8%, Memory: 33.2%, Disk: 1.1%
2025-05-25 01:27:15,250 - __main__ - INFO - Running health checks...
2025-05-25 01:27:15,259 - __main__ - INFO - ✅ webapp is healthy (Response time: 8.37ms)
2025-05-25 01:27:15,268 - __main__ - INFO - ✅ webapp_metrics is healthy (Response time: 8.16ms)
2025-05-25 01:27:25,288 - __main__ - INFO - Running health checks...
2025-05-25 01:27:25,299 - __main__ - INFO - ✅ webapp is healthy (Response time: 9.91ms)
2025-05-25 01:27:25,310 - __main__ - INFO - ✅ webapp_metrics is healthy (Response time: 10.29ms)
2025-05-25 01:27:36,237 - __main__ - INFO - Running health checks...
2025-05-25 01:27:36,244 - __main__ - INFO - ✅ webapp is healthy (Response time: 7.14ms)
2025-05-25 01:27:36,252 - __main__ - INFO - ✅ webapp_metrics is healthy (Response time: 6.65ms)
2025-05-25 01:27:46,266 - __main__ - INFO - Running health checks...
2025-05-25 01:27:46,273 - __main__ - INFO - ✅ webapp is healthy (Response time: 7.39ms)
2025-05-25 01:27:46,281 - __main__ - INFO - ✅ webapp_metrics is healthy (Response time: 7.15ms)
2025-05-25 01:27:56,312 - __main__ - INFO - Running health checks...
2025-05-25 01:27:56,325 - __main__ - INFO - ✅ webapp is healthy (Response time: 11.84ms)
2025-05-25 01:27:56,337 - __main__ - INFO - ✅ webapp_metrics is healthy (Response time: 11.16ms)
2025-05-25 01:28:07,239 - __main__ - INFO - Running health checks...
2025-05-25 01:28:07,247 - __main__ - INFO - ✅ webapp is healthy (Response time: 7.17ms)
2025-05-25 01:28:07,255 - __main__ - INFO - ✅ webapp_metrics is healthy (Response time: 7.92ms)
2025-05-25 01:28:11,262 - metrics_collector - INFO - System metrics: CPU: 1.5%, Memory: 33.2%, Disk: 1.1%
2025-05-25 01:28:17,278 - __main__ - INFO - Running health checks...
2025-05-25 01:28:17,288 - __main__ - INFO - ✅ webapp is healthy (Response time: 9.64ms)
2025-05-25 01:28:17,297 - __main__ - INFO - ✅ webapp_metrics is healthy (Response time: 8.31ms)
2025-05-25 01:28:27,311 - __main__ - INFO - Running health checks...
2025-05-25 01:28:27,322 - __main__ - INFO - ✅ webapp is healthy (Response time: 10.22ms)
2025-05-25 01:28:27,333 - __main__ - INFO - ✅ webapp_metrics is healthy (Response time: 10.24ms)
2025-05-25 01:28:38,275 - __main__ - INFO - Running health checks...
2025-05-25 01:28:38,283 - __main__ - INFO - ✅ webapp is healthy (Response time: 7.05ms)
2025-05-25 01:28:38,290 - __main__ - INFO - ✅ webapp_metrics is healthy (Response time: 7.05ms)
2025-05-25 01:28:48,316 - __main__ - INFO - Running health checks...
2025-05-25 01:28:48,324 - __main__ - INFO - ✅ webapp is healthy (Response time: 7.36ms)
2025-05-25 01:28:48,333 - __main__ - INFO - ✅ webapp_metrics is healthy (Response time: 8.87ms)
2025-05-25 01:28:58,366 - __main__ - INFO - Running health checks...
2025-05-25 01:28:58,374 - __main__ - INFO - ✅ webapp is healthy (Response time: 6.94ms)
2025-05-25 01:28:58,382 - __main__ - INFO - ✅ webapp_metrics is healthy (Response time: 7.76ms)
2025-05-25 01:29:09,286 - __main__ - INFO - Running health checks...
2025-05-25 01:29:09,295 - __main__ - INFO - ✅ webapp is healthy (Response time: 8.46ms)
2025-05-25 01:29:09,304 - __main__ - INFO - ✅ webapp_metrics is healthy (Response time: 7.78ms)
2025-05-25 01:29:12,310 - metrics_collector - INFO - System metrics: CPU: 1.3%, Memory: 33.1%, Disk: 1.1%
2025-05-25 01:29:19,324 - __main__ - INFO - Running health checks...
2025-05-25 01:29:19,331 - __main__ - INFO - ✅ webapp is healthy (Response time: 6.31ms)
2025-05-25 01:29:19,339 - __main__ - INFO - ✅ webapp_metrics is healthy (Response time: 7.04ms)
2025-05-25 01:29:29,360 - __main__ - INFO - Running health checks...
2025-05-25 01:29:29,368 - __main__ - INFO - ✅ webapp is healthy (Response time: 7.72ms)
2025-05-25 01:29:29,377 - __main__ - INFO - ✅ webapp_metrics is healthy (Response time: 9.01ms)
2025-05-25 01:29:40,256 - __main__ - INFO - Running health checks...
2025-05-25 01:29:40,263 - __main__ - INFO - ✅ webapp is healthy (Response time: 6.50ms)
2025-05-25 01:29:40,271 - __main__ - INFO - ✅ webapp_metrics is healthy (Response time: 8.04ms)
2025-05-25 01:29:50,290 - __main__ - INFO - Running health checks...
2025-05-25 01:29:50,311 - __main__ - INFO - ✅ webapp is healthy (Response time: 20.11ms)
2025-05-25 01:29:50,322 - __main__ - INFO - ✅ webapp_metrics is healthy (Response time: 10.34ms)
2025-05-25 01:30:01,251 - __main__ - INFO - Running health checks...
2025-05-25 01:30:01,259 - __main__ - INFO - ✅ webapp is healthy (Response time: 7.70ms)
2025-05-25 01:30:01,269 - __main__ - INFO - ✅ webapp_metrics is healthy (Response time: 8.58ms)
2025-05-25 01:30:11,282 - __main__ - INFO - Running health checks...
2025-05-25 01:30:11,295 - __main__ - INFO - ✅ webapp is healthy (Response time: 12.04ms)
2025-05-25 01:30:11,304 - __main__ - INFO - ✅ webapp_metrics is healthy (Response time: 8.07ms)
2025-05-25 01:30:14,310 - metrics_collector - INFO - System metrics: CPU: 0.3%, Memory: 33.2%, Disk: 1.1%
2025-05-25 01:30:21,320 - __main__ - INFO - Running health checks...
2025-05-25 01:30:21,329 - __main__ - INFO - ✅ webapp is healthy (Response time: 8.30ms)
2025-05-25 01:30:21,338 - __main__ - INFO - ✅ webapp_metrics is healthy (Response time: 8.02ms)
2025-05-25 01:30:32,226 - __main__ - INFO - Running health checks...
2025-05-25 01:30:32,237 - __main__ - INFO - ✅ webapp is healthy (Response time: 10.25ms)
2025-05-25 01:30:32,248 - __main__ - INFO - ✅ webapp_metrics is healthy (Response time: 9.61ms)
2025-05-25 01:30:42,262 - __main__ - INFO - Running health checks...
2025-05-25 01:30:42,270 - __main__ - WARNING - ❌ webapp returned status 503
2025-05-25 01:30:42,278 - __main__ - INFO - ✅ webapp_metrics is healthy (Response time: 7.02ms)
2025-05-25 01:30:52,303 - __main__ - INFO - Running health checks...
2025-05-25 01:30:52,312 - __main__ - INFO - ✅ webapp is healthy (Response time: 8.05ms)
2025-05-25 01:30:52,322 - __main__ - INFO - ✅ webapp_metrics is healthy (Response time: 9.68ms)
2025-05-25 01:31:03,233 - __main__ - INFO - Running health checks...
2025-05-25 01:31:03,241 - __main__ - WARNING - ❌ webapp returned status 503
2025-05-25 01:31:03,249 - __main__ - INFO - ✅ webapp_metrics is healthy (Response time: 7.30ms)
2025-05-25 01:31:13,261 - __main__ - INFO - Running health checks...
2025-05-25 01:31:13,271 - __main__ - INFO - ✅ webapp is healthy (Response time: 9.31ms)
2025-05-25 01:31:13,291 - __main__ - INFO - ✅ webapp_metrics is healthy (Response time: 18.78ms)
2025-05-25 01:31:16,298 - metrics_collector - INFO - System metrics: CPU: 0.7%, Memory: 33.1%, Disk: 1.1%
2025-05-25 01:31:23,310 - __main__ - INFO - Running health checks...
2025-05-25 01:31:23,323 - __main__ - INFO - ✅ webapp is healthy (Response time: 12.43ms)
2025-05-25 01:31:23,335 - __main__ - INFO - ✅ webapp_metrics is healthy (Response time: 10.98ms)
2025-05-25 01:31:34,243 - __main__ - INFO - Running health checks...
2025-05-25 01:31:34,252 - __main__ - INFO - ✅ webapp is healthy (Response time: 8.06ms)
2025-05-25 01:31:34,259 - __main__ - INFO - ✅ webapp_metrics is healthy (Response time: 6.57ms)
2025-05-25 01:31:44,273 - __main__ - INFO - Running health checks...
2025-05-25 01:31:44,282 - __main__ - WARNING - ❌ webapp returned status 503
2025-05-25 01:31:44,289 - __main__ - INFO - ✅ webapp_metrics is healthy (Response time: 7.05ms)
2025-05-25 01:31:54,316 - __main__ - INFO - Running health checks...
2025-05-25 01:31:54,325 - __main__ - INFO - ✅ webapp is healthy (Response time: 8.32ms)
2025-05-25 01:31:54,335 - __main__ - INFO - ✅ webapp_metrics is healthy (Response time: 9.57ms)
2025-05-25 01:32:05,231 - __main__ - INFO - Running health checks...
2025-05-25 01:32:05,240 - __main__ - INFO - ✅ webapp is healthy (Response time: 7.77ms)
2025-05-25 01:32:05,249 - __main__ - INFO - ✅ webapp_metrics is healthy (Response time: 8.80ms)
2025-05-25 01:32:15,267 - __main__ - INFO - Running health checks...
2025-05-25 01:32:15,277 - __main__ - INFO - ✅ webapp is healthy (Response time: 8.87ms)
2025-05-25 01:32:15,285 - __main__ - INFO - ✅ webapp_metrics is healthy (Response time: 7.26ms)
2025-05-25 01:32:18,291 - metrics_collector - INFO - System metrics: CPU: 1.4%, Memory: 33.1%, Disk: 1.1%
2025-05-25 01:32:25,301 - __main__ - INFO - Running health checks...
2025-05-25 01:32:25,316 - __main__ - WARNING - ❌ webapp returned status 503
2025-05-25 01:32:25,329 - __main__ - INFO - ✅ webapp_metrics is healthy (Response time: 12.14ms)
2025-05-25 01:32:36,236 - __main__ - INFO - Running health checks...
2025-05-25 01:32:36,246 - __main__ - INFO - ✅ webapp is healthy (Response time: 8.83ms)
2025-05-25 01:32:36,254 - __main__ - INFO - ✅ webapp_metrics is healthy (Response time: 7.23ms)
2025-05-25 01:32:46,270 - __main__ - INFO - Running health checks...
2025-05-25 01:32:46,281 - __main__ - INFO - ✅ webapp is healthy (Response time: 9.86ms)
2025-05-25 01:32:46,291 - __main__ - INFO - ✅ webapp_metrics is healthy (Response time: 8.18ms)
2025-05-25 01:32:56,305 - __main__ - INFO - Running health checks...
2025-05-25 01:32:56,312 - __main__ - INFO - ✅ webapp is healthy (Response time: 6.83ms)
2025-05-25 01:32:56,322 - __main__ - INFO - ✅ webapp_metrics is healthy (Response time: 8.25ms)
2025-05-25 01:33:07,231 - __main__ - INFO - Running health checks...
2025-05-25 01:33:07,239 - __main__ - INFO - ✅ webapp is healthy (Response time: 7.81ms)
2025-05-25 01:33:07,247 - __main__ - INFO - ✅ webapp_metrics is healthy (Response time: 6.88ms)
2025-05-25 01:33:17,261 - __main__ - INFO - Running health checks...
2025-05-25 01:33:17,277 - __main__ - WARNING - ❌ webapp returned status 503
2025-05-25 01:33:17,285 - __main__ - INFO - ✅ webapp_metrics is healthy (Response time: 7.76ms)
2025-05-25 01:33:20,296 - metrics_collector - INFO - System metrics: CPU: 0.4%, Memory: 33.4%, Disk: 1.1%
2025-05-25 01:33:27,315 - __main__ - INFO - Running health checks...
2025-05-25 01:33:27,323 - __main__ - INFO - ✅ webapp is healthy (Response time: 6.88ms)
2025-05-25 01:33:27,332 - __main__ - INFO - ✅ webapp_metrics is healthy (Response time: 8.41ms)
2025-05-25 01:33:38,237 - __main__ - INFO - Running health checks...
2025-05-25 01:33:38,249 - __main__ - INFO - ✅ webapp is healthy (Response time: 10.90ms)
2025-05-25 01:33:38,263 - __main__ - INFO - ✅ webapp_metrics is healthy (Response time: 13.61ms)
2025-05-25 01:33:48,286 - __main__ - INFO - Running health checks...
2025-05-25 01:33:48,295 - __main__ - INFO - ✅ webapp is healthy (Response time: 7.69ms)
2025-05-25 01:33:48,304 - __main__ - INFO - ✅ webapp_metrics is healthy (Response time: 9.04ms)
2025-05-25 01:33:58,331 - __main__ - INFO - Running health checks...
2025-05-25 01:33:58,341 - __main__ - INFO - ✅ webapp is healthy (Response time: 8.71ms)
2025-05-25 01:33:58,350 - __main__ - INFO - ✅ webapp_metrics is healthy (Response time: 8.23ms)
2025-05-25 01:34:09,252 - __main__ - INFO - Running health checks...
2025-05-25 01:34:09,264 - __main__ - INFO - ✅ webapp is healthy (Response time: 11.31ms)
2025-05-25 01:34:09,275 - __main__ - INFO - ✅ webapp_metrics is healthy (Response time: 9.84ms)
2025-05-25 01:34:19,301 - __main__ - INFO - Running health checks...
2025-05-25 01:34:19,311 - __main__ - INFO - ✅ webapp is healthy (Response time: 8.77ms)
2025-05-25 01:34:19,319 - __main__ - INFO - ✅ webapp_metrics is healthy (Response time: 7.36ms)
2025-05-25 01:34:21,326 - metrics_collector - INFO - System metrics: CPU: 0.3%, Memory: 33.5%, Disk: 1.1%
2025-05-25 01:34:30,245 - __main__ - INFO - Running health checks...
2025-05-25 01:34:30,254 - __main__ - INFO - ✅ webapp is healthy (Response time: 8.86ms)
2025-05-25 01:34:30,265 - __main__ - INFO - ✅ webapp_metrics is healthy (Response time: 9.24ms)
2025-05-25 01:34:40,278 - __main__ - INFO - Running health checks...
2025-05-25 01:34:40,287 - __main__ - INFO - ✅ webapp is healthy (Response time: 8.15ms)
2025-05-25 01:34:40,295 - __main__ - INFO - ✅ webapp_metrics is healthy (Response time: 7.25ms)
2025-05-25 01:34:50,315 - __main__ - INFO - Running health checks...
2025-05-25 01:34:50,325 - __main__ - INFO - ✅ webapp is healthy (Response time: 10.08ms)
2025-05-25 01:34:50,337 - __main__ - INFO - ✅ webapp_metrics is healthy (Response time: 10.13ms)
2025-05-25 01:35:01,255 - __main__ - INFO - Running health checks...
2025-05-25 01:35:01,268 - __main__ - INFO - ✅ webapp is healthy (Response time: 12.07ms)
2025-05-25 01:35:01,280 - __main__ - INFO - ✅ webapp_metrics is healthy (Response time: 10.32ms)
2025-05-25 01:35:11,293 - __main__ - INFO - Running health checks...
2025-05-25 01:35:11,301 - __main__ - WARNING - ❌ webapp returned status 503
2025-05-25 01:35:11,309 - __main__ - INFO - ✅ webapp_metrics is healthy (Response time: 7.10ms)
2025-05-25 01:35:21,341 - __main__ - INFO - Running health checks...
2025-05-25 01:35:21,349 - __main__ - INFO - ✅ webapp is healthy (Response time: 7.26ms)
2025-05-25 01:35:21,358 - __main__ - INFO - ✅ webapp_metrics is healthy (Response time: 7.59ms)
2025-05-25 01:35:22,361 - metrics_collector - INFO - System metrics: CPU: 0.3%, Memory: 33.4%, Disk: 1.1%
2025-05-25 01:35:32,268 - __main__ - INFO - Running health checks...
2025-05-25 01:35:32,277 - __main__ - INFO - ✅ webapp is healthy (Response time: 8.66ms)
2025-05-25 01:35:32,287 - __main__ - INFO - ✅ webapp_metrics is healthy (Response time: 9.38ms)
2025-05-25 01:35:42,303 - __main__ - INFO - Running health checks...
2025-05-25 01:35:42,311 - __main__ - INFO - ✅ webapp is healthy (Response time: 7.68ms)
2025-05-25 01:35:42,319 - __main__ - INFO - ✅ webapp_metrics is healthy (Response time: 6.96ms)
2025-05-25 01:35:52,341 - __main__ - INFO - Running health checks...
2025-05-25 01:35:52,350 - __main__ - INFO - ✅ webapp is healthy (Response time: 8.04ms)
2025-05-25 01:35:52,357 - __main__ - INFO - ✅ webapp_metrics is healthy (Response time: 6.77ms)
2025-05-25 01:36:03,271 - __main__ - INFO - Running health checks...
2025-05-25 01:36:03,279 - __main__ - INFO - ✅ webapp is healthy (Response time: 7.39ms)
2025-05-25 01:36:03,287 - __main__ - INFO - ✅ webapp_metrics is healthy (Response time: 7.59ms)
2025-05-25 01:36:13,300 - __main__ - INFO - Running health checks...
2025-05-25 01:36:13,309 - __main__ - INFO - ✅ webapp is healthy (Response time: 7.97ms)
2025-05-25 01:36:13,319 - __main__ - INFO - ✅ webapp_metrics is healthy (Response time: 8.82ms)
2025-05-25 01:36:24,350 - metrics_collector - INFO - System metrics: CPU: 2.4%, Memory: 34.9%, Disk: 1.1%
2025-05-25 01:36:24,350 - __main__ - INFO - Running health checks...
2025-05-25 01:36:24,359 - __main__ - INFO - ✅ webapp is healthy (Response time: 7.96ms)
2025-05-25 01:36:24,368 - __main__ - INFO - ✅ webapp_metrics is healthy (Response time: 8.56ms)
2025-05-25 01:36:35,284 - __main__ - INFO - Running health checks...
2025-05-25 01:36:35,299 - __main__ - INFO - ✅ webapp is healthy (Response time: 14.35ms)
2025-05-25 01:36:35,311 - __main__ - INFO - ✅ webapp_metrics is healthy (Response time: 9.99ms)
2025-05-25 01:36:45,324 - __main__ - INFO - Running health checks...
2025-05-25 01:36:45,336 - __main__ - INFO - ✅ webapp is healthy (Response time: 11.19ms)
2025-05-25 01:36:45,348 - __main__ - INFO - ✅ webapp_metrics is healthy (Response time: 10.66ms)
2025-05-25 01:36:55,391 - __main__ - INFO - Running health checks...
2025-05-25 01:36:55,404 - __main__ - INFO - ✅ webapp is healthy (Response time: 12.35ms)
2025-05-25 01:36:55,414 - __main__ - INFO - ✅ webapp_metrics is healthy (Response time: 9.55ms)
